

 === prELN032036-072_g0.xyz.xyz ===

46
prELN032036-072
O     3.3866    -0.1689    -2.3036
C     4.0090    -0.2552    -1.1783
C     4.0130    -1.6525    -0.5432
O     5.1296    -2.2374    -0.4637
O     2.8512    -2.0124    -0.0934
O     4.1349     0.7077    -0.3330
N     0.0170     0.9260    -0.1510
C    -1.0520     0.0710     0.1470
C    -0.0190    -1.0320    -0.1430
O    -2.1633    -4.0974    -3.2812
C    -1.1367    -3.1262    -3.1426
C    -1.1273    -2.5989    -1.7170
C    -0.0284    -1.5593    -1.5686
C     1.0530     0.0350     0.1470
N     0.0170     0.9260    -0.1510
C    -1.0520     0.0710     0.1470
C    -0.0190    -1.0320    -0.1430
O    -2.1633    -4.0974    -3.2812
C    -1.1367    -3.1262    -3.1426
C    -1.1273    -2.5989    -1.7170
C    -0.0284    -1.5593    -1.5686
C     1.0530     0.0350     0.1470
H     0.0316     1.7522     0.4470
H     0.0244     1.3306    -1.0873
H    -1.8807     0.1159    -0.5284
H    -1.6275     0.1272     1.0473
H    -1.3163    -2.3182    -3.8206
H    -0.1902    -3.5737    -3.3636
H    -0.9478    -3.4070    -1.0390
H    -2.0738    -2.1515    -1.4960
H    -0.2080    -0.7513    -2.2466
H     0.9181    -2.0068    -1.7896
H     1.8829     0.0503    -0.5282
H     1.6298     0.0712     1.0475
H     0.0316     1.7522     0.4470
H     0.0244     1.3306    -1.0873
H    -1.8807     0.1159    -0.5284
H    -1.6275     0.1272     1.0473
H    -1.3163    -2.3182    -3.8206
H    -0.1902    -3.5737    -3.3636
H    -0.9478    -3.4070    -1.0390
H    -2.0738    -2.1515    -1.4960
H    -0.2080    -0.7513    -2.2466
H     0.9181    -2.0068    -1.7896
H     1.8829     0.0503    -0.5282
H     1.6298     0.0712     1.0475


 === param.inp ===

